[2025-07-01 00:58:32] local.ERROR: Unable to prepare route [getRMStock] for serialization. Another route has already been assigned name [getRMStock]. {"exception":"[object] (LogicException(code: 0): Unable to prepare route [getRMStock] for serialization. Another route has already been assigned name [getRMStock]. at D:\\CodeSpace\\Fahim-Fashion\\vendor\\laravel\\framework\\src\\Illuminate\\Routing\\AbstractRouteCollection.php:247)
[stacktrace]
#0 D:\\CodeSpace\\Fahim-Fashion\\vendor\\laravel\\framework\\src\\Illuminate\\Routing\\AbstractRouteCollection.php(208): Illuminate\\Routing\\AbstractRouteCollection->addToSymfonyRoutesCollection()
#1 D:\\CodeSpace\\Fahim-Fashion\\vendor\\laravel\\framework\\src\\Illuminate\\Routing\\RouteCollection.php(246): Illuminate\\Routing\\AbstractRouteCollection->toSymfonyRouteCollection()
#2 D:\\CodeSpace\\Fahim-Fashion\\vendor\\laravel\\framework\\src\\Illuminate\\Routing\\AbstractRouteCollection.php(192): Illuminate\\Routing\\RouteCollection->toSymfonyRouteCollection()
#3 D:\\CodeSpace\\Fahim-Fashion\\vendor\\laravel\\framework\\src\\Illuminate\\Routing\\AbstractRouteCollection.php(163): Illuminate\\Routing\\AbstractRouteCollection->dumper()
#4 D:\\CodeSpace\\Fahim-Fashion\\vendor\\laravel\\framework\\src\\Illuminate\\Foundation\\Console\\RouteCacheCommand.php(120): Illuminate\\Routing\\AbstractRouteCollection->compile()
#5 D:\\CodeSpace\\Fahim-Fashion\\vendor\\laravel\\framework\\src\\Illuminate\\Foundation\\Console\\RouteCacheCommand.php(79): Illuminate\\Foundation\\Console\\RouteCacheCommand->buildRouteCacheFile()
#6 D:\\CodeSpace\\Fahim-Fashion\\vendor\\laravel\\framework\\src\\Illuminate\\Container\\BoundMethod.php(36): Illuminate\\Foundation\\Console\\RouteCacheCommand->handle()
#7 D:\\CodeSpace\\Fahim-Fashion\\vendor\\laravel\\framework\\src\\Illuminate\\Container\\Util.php(41): Illuminate\\Container\\BoundMethod::Illuminate\\Container\\{closure}()
#8 D:\\CodeSpace\\Fahim-Fashion\\vendor\\laravel\\framework\\src\\Illuminate\\Container\\BoundMethod.php(93): Illuminate\\Container\\Util::unwrapIfClosure()
#9 D:\\CodeSpace\\Fahim-Fashion\\vendor\\laravel\\framework\\src\\Illuminate\\Container\\BoundMethod.php(35): Illuminate\\Container\\BoundMethod::callBoundMethod()
#10 D:\\CodeSpace\\Fahim-Fashion\\vendor\\laravel\\framework\\src\\Illuminate\\Container\\Container.php(661): Illuminate\\Container\\BoundMethod::call()
#11 D:\\CodeSpace\\Fahim-Fashion\\vendor\\laravel\\framework\\src\\Illuminate\\Console\\Command.php(183): Illuminate\\Container\\Container->call()
#12 D:\\CodeSpace\\Fahim-Fashion\\vendor\\symfony\\console\\Command\\Command.php(326): Illuminate\\Console\\Command->execute()
#13 D:\\CodeSpace\\Fahim-Fashion\\vendor\\laravel\\framework\\src\\Illuminate\\Console\\Command.php(152): Symfony\\Component\\Console\\Command\\Command->run()
#14 D:\\CodeSpace\\Fahim-Fashion\\vendor\\symfony\\console\\Application.php(1078): Illuminate\\Console\\Command->run()
#15 D:\\CodeSpace\\Fahim-Fashion\\vendor\\symfony\\console\\Application.php(324): Symfony\\Component\\Console\\Application->doRunCommand()
#16 D:\\CodeSpace\\Fahim-Fashion\\vendor\\symfony\\console\\Application.php(175): Symfony\\Component\\Console\\Application->doRun()
#17 D:\\CodeSpace\\Fahim-Fashion\\vendor\\laravel\\framework\\src\\Illuminate\\Console\\Application.php(102): Symfony\\Component\\Console\\Application->run()
#18 D:\\CodeSpace\\Fahim-Fashion\\vendor\\laravel\\framework\\src\\Illuminate\\Foundation\\Console\\Kernel.php(155): Illuminate\\Console\\Application->run()
#19 D:\\CodeSpace\\Fahim-Fashion\\artisan(35): Illuminate\\Foundation\\Console\\Kernel->handle()
#20 {main}
"} 
